{"/Users/alex/Documents/Code/JS/uki-se-cicd-demo/src/utils/blog.ts": {"path":"/Users/alex/Documents/Code/JS/uki-se-cicd-demo/src/utils/blog.ts","statementMap":{"0":{"start":{"line":9,"column":2},"end":{"line":9,"column":null}},"1":{"start":{"line":9,"column":32},"end":{"line":9,"column":48}},"2":{"start":{"line":18,"column":2},"end":{"line":20,"column":null}},"3":{"start":{"line":19,"column":14},"end":{"line":19,"column":null}},"4":{"start":{"line":27,"column":2},"end":{"line":31,"column":null}},"5":{"start":{"line":38,"column":2},"end":{"line":42,"column":null}},"6":{"start":{"line":49,"column":2},"end":{"line":49,"column":null}},"7":{"start":{"line":56,"column":15},"end":{"line":56,"column":null}},"8":{"start":{"line":57,"column":2},"end":{"line":59,"column":null}},"9":{"start":{"line":58,"column":4},"end":{"line":58,"column":null}},"10":{"start":{"line":58,"column":36},"end":{"line":58,"column":49}},"11":{"start":{"line":60,"column":2},"end":{"line":60,"column":null}},"12":{"start":{"line":70,"column":2},"end":{"line":70,"column":null}},"13":{"start":{"line":70,"column":32},"end":{"line":70,"column":60}},"14":{"start":{"line":78,"column":25},"end":{"line":78,"column":null}},"15":{"start":{"line":79,"column":16},"end":{"line":79,"column":null}},"16":{"start":{"line":80,"column":2},"end":{"line":80,"column":null}},"17":{"start":{"line":87,"column":2},"end":{"line":92,"column":null}}},"fnMap":{"0":{"name":"filterPublishedPosts","decl":{"start":{"line":6,"column":16},"end":{"line":6,"column":null}},"loc":{"start":{"line":8,"column":29},"end":{"line":10,"column":null}},"line":8},"1":{"name":"(anonymous_1)","decl":{"start":{"line":9,"column":22},"end":{"line":9,"column":23}},"loc":{"start":{"line":9,"column":32},"end":{"line":9,"column":48}},"line":9},"2":{"name":"sortPostsByDate","decl":{"start":{"line":15,"column":16},"end":{"line":15,"column":null}},"loc":{"start":{"line":17,"column":29},"end":{"line":21,"column":null}},"line":17},"3":{"name":"(anonymous_3)","decl":{"start":{"line":19,"column":4},"end":{"line":19,"column":5}},"loc":{"start":{"line":19,"column":14},"end":{"line":19,"column":null}},"line":19},"4":{"name":"formatPostDate","decl":{"start":{"line":26,"column":16},"end":{"line":26,"column":31}},"loc":{"start":{"line":26,"column":51},"end":{"line":32,"column":null}},"line":26},"5":{"name":"formatPostDateLong","decl":{"start":{"line":37,"column":16},"end":{"line":37,"column":35}},"loc":{"start":{"line":37,"column":55},"end":{"line":43,"column":null}},"line":37},"6":{"name":"getPostUrl","decl":{"start":{"line":48,"column":16},"end":{"line":48,"column":27}},"loc":{"start":{"line":48,"column":51},"end":{"line":50,"column":null}},"line":48},"7":{"name":"getUniqueTags","decl":{"start":{"line":55,"column":16},"end":{"line":55,"column":30}},"loc":{"start":{"line":55,"column":74},"end":{"line":61,"column":null}},"line":55},"8":{"name":"(anonymous_8)","decl":{"start":{"line":57,"column":16},"end":{"line":57,"column":17}},"loc":{"start":{"line":57,"column":26},"end":{"line":59,"column":3}},"line":57},"9":{"name":"(anonymous_9)","decl":{"start":{"line":58,"column":27},"end":{"line":58,"column":28}},"loc":{"start":{"line":58,"column":36},"end":{"line":58,"column":49}},"line":58},"10":{"name":"filterPostsByTag","decl":{"start":{"line":66,"column":16},"end":{"line":66,"column":null}},"loc":{"start":{"line":69,"column":29},"end":{"line":71,"column":null}},"line":69},"11":{"name":"(anonymous_11)","decl":{"start":{"line":70,"column":22},"end":{"line":70,"column":23}},"loc":{"start":{"line":70,"column":32},"end":{"line":70,"column":60}},"line":70},"12":{"name":"calculateReadingTime","decl":{"start":{"line":77,"column":16},"end":{"line":77,"column":37}},"loc":{"start":{"line":77,"column":62},"end":{"line":81,"column":null}},"line":77},"13":{"name":"slugify","decl":{"start":{"line":86,"column":16},"end":{"line":86,"column":24}},"loc":{"start":{"line":86,"column":46},"end":{"line":93,"column":null}},"line":86}},"branchMap":{},"s":{"0":0,"1":0,"2":0,"3":0,"4":4,"5":2,"6":3,"7":0,"8":0,"9":0,"10":0,"11":0,"12":0,"13":0,"14":5,"15":5,"16":5,"17":10},"f":{"0":0,"1":0,"2":0,"3":0,"4":4,"5":2,"6":3,"7":0,"8":0,"9":0,"10":0,"11":0,"12":5,"13":10},"b":{},"meta":{"lastBranch":0,"lastFunction":14,"lastStatement":18,"seen":{"f:6:16:6:Infinity":0,"s:9:2:9:Infinity":0,"f:9:22:9:23":1,"s:9:32:9:48":1,"f:15:16:15:Infinity":2,"s:18:2:20:Infinity":2,"f:19:4:19:5":3,"s:19:14:19:Infinity":3,"f:26:16:26:31":4,"s:27:2:31:Infinity":4,"f:37:16:37:35":5,"s:38:2:42:Infinity":5,"f:48:16:48:27":6,"s:49:2:49:Infinity":6,"f:55:16:55:30":7,"s:56:15:56:Infinity":7,"s:57:2:59:Infinity":8,"f:57:16:57:17":8,"s:58:4:58:Infinity":9,"f:58:27:58:28":9,"s:58:36:58:49":10,"s:60:2:60:Infinity":11,"f:66:16:66:Infinity":10,"s:70:2:70:Infinity":12,"f:70:22:70:23":11,"s:70:32:70:60":13,"f:77:16:77:37":12,"s:78:25:78:Infinity":14,"s:79:16:79:Infinity":15,"s:80:2:80:Infinity":16,"f:86:16:86:24":13,"s:87:2:92:Infinity":17}}}
}
